{"message":"Unauthorized request to path: /","level":"error"}
{"message":"Unauthorized request to path: /","level":"error"}
{"message":"Unauthorized request to path: /","level":"error"}
{"message":"Unauthorized request to path: /api/comments","level":"error"}
{"message":"Unauthorized request to path: /api/posts","level":"error"}
{"message":"Unauthorized request to path: /api/posts","level":"error"}
{"message":"Unauthorized request to path: /api/posts","level":"error"}
{"message":"Unauthorized request to path: /api/posts","level":"error"}
{"message":"Unauthorized request to path: /api/posts/3","level":"error"}
{"message":"Unauthorized request to path: /api/posts","level":"error"}
{"message":"Unauthorized request to path: /api/posts","level":"error"}
{"message":"Unauthorized request to path: /api/posts/3","level":"error"}
{"message":"Unauthorized request to path: /api/comments","level":"error"}
{"message":"Unauthorized request to path: /api/comments","level":"error"}
{"message":"Unauthorized request to path: /api/comments","level":"error"}
{"message":"Unauthorized request to path: /api/comments/3","level":"error"}
{"message":"Unauthorized request to path: /api/comments","level":"error"}
{"message":"Unauthorized request to path: /api/comments","level":"error"}
{"message":"Unauthorized request to path: /api/comments/3","level":"error"}
{"message":"Unauthorized request to path: /api/comments","level":"error"}
{"message":"Unauthorized request to path: /api/comments","level":"error"}
{"message":"Unauthorized request to path: /api/comments/3","level":"error"}
{"message":"Unauthorized request to path: /api/comments","level":"error"}
{"message":"Unauthorized request to path: /api/comments","level":"error"}
{"message":"Unauthorized request to path: /api/comments/3","level":"error"}
{"message":"Unauthorized request to path: /api/posts","level":"error"}
{"message":"Unauthorized request to path: /api/posts","level":"error"}
{"message":"Unauthorized request to path: /api/posts/3","level":"error"}
{"message":"Unauthorized request to path: /api/comments","level":"error"}
{"message":"Unauthorized request to path: /api/comments","level":"error"}
{"message":"Unauthorized request to path: /api/comments/3","level":"error"}
{"message":"Unauthorized request to path: /api/posts","level":"error"}
{"message":"Unauthorized request to path: /api/posts","level":"error"}
{"message":"Unauthorized request to path: /api/posts/3","level":"error"}
